<?xml version="1.0" encoding="UTF-8"?>
<testsuite xmlns:xsi="http://www.w3.org/2001/XMLSchema-instance" xsi:noNamespaceSchemaLocation="https://maven.apache.org/surefire/maven-surefire-plugin/xsd/surefire-test-report.xsd" name="es.uca.iw.CostavespertinoApplicationTests" time="12.633" tests="1" errors="0" skipped="0" failures="0">
  <properties>
    <property name="sun.desktop" value="gnome"/>
    <property name="awt.toolkit" value="sun.awt.X11.XToolkit"/>
    <property name="file.encoding.pkg" value="sun.io"/>
    <property name="java.specification.version" value="1.8"/>
    <property name="sun.cpu.isalist" value=""/>
    <property name="sun.jnu.encoding" value="UTF-8"/>
    <property name="java.class.path" value="/home/carmen/Documentos/IW/github/xd/2019-2020-COSTAVESPERTINO/target/test-classes:/home/carmen/Documentos/IW/github/xd/2019-2020-COSTAVESPERTINO/target/classes:/home/carmen/.m2/repository/com/vaadin/vaadin-board-flow/3.0.1/vaadin-board-flow-3.0.1.jar:/home/carmen/.m2/repository/com/vaadin/webjar/vaadin-board/2.1.1/vaadin-board-2.1.1.jar:/home/carmen/.m2/repository/org/webjars/bowergithub/vaadin/license-checker/2.1.1/license-checker-2.1.1.jar:/home/carmen/.m2/repository/org/webjars/bowergithub/polymerelements/iron-resizable-behavior/2.1.1/iron-resizable-behavior-2.1.1.jar:/home/carmen/.m2/repository/org/webjars/bowergithub/polymer/polymer/2.7.0/polymer-2.7.0.jar:/home/carmen/.m2/repository/org/webjars/bowergithub/webcomponents/webcomponentsjs/1.2.6/webcomponentsjs-1.2.6.jar:/home/carmen/.m2/repository/org/webjars/bowergithub/webcomponents/shadycss/1.8.0/shadycss-1.8.0.jar:/home/carmen/.m2/repository/org/webjars/bowergithub/vaadin/vaadin-element-mixin/2.1.4/vaadin-element-mixin-2.1.4.jar:/home/carmen/.m2/repository/org/webjars/bowergithub/vaadin/vaadin-usage-statistics/2.0.11/vaadin-usage-statistics-2.0.11.jar:/home/carmen/.m2/repository/org/webjars/bowergithub/vaadin/vaadin-development-mode-detector/2.0.4/vaadin-development-mode-detector-2.0.4.jar:/home/carmen/.m2/repository/com/github/appreciated/card/2.0.0.beta4/card-2.0.0.beta4.jar:/home/carmen/.m2/repository/com/vaadin/vaadin-core/14.0.13/vaadin-core-14.0.13.jar:/home/carmen/.m2/repository/com/vaadin/flow-server/2.0.18/flow-server-2.0.18.jar:/home/carmen/.m2/repository/com/vaadin/external/gwt/gwt-elemental/2.8.2.vaadin2/gwt-elemental-2.8.2.vaadin2.jar:/home/carmen/.m2/repository/commons-fileupload/commons-fileupload/1.3.3/commons-fileupload-1.3.3.jar:/home/carmen/.m2/repository/commons-io/commons-io/2.5/commons-io-2.5.jar:/home/carmen/.m2/repository/org/jsoup/jsoup/1.11.3/jsoup-1.11.3.jar:/home/carmen/.m2/repository/com/helger/ph-css/6.1.1/ph-css-6.1.1.jar:/home/carmen/.m2/repository/com/helger/ph-commons/9.1.2/ph-commons-9.1.2.jar:/home/carmen/.m2/repository/com/vaadin/external/gentyref/1.2.0.vaadin1/gentyref-1.2.0.vaadin1.jar:/home/carmen/.m2/repository/com/vaadin/flow-push/2.0.18/flow-push-2.0.18.jar:/home/carmen/.m2/repository/com/vaadin/external/atmosphere/atmosphere-runtime/2.4.30.slf4jvaadin1/atmosphere-runtime-2.4.30.slf4jvaadin1.jar:/home/carmen/.m2/repository/com/vaadin/flow-client/2.0.18/flow-client-2.0.18.jar:/home/carmen/.m2/repository/com/vaadin/flow-html-components/2.0.18/flow-html-components-2.0.18.jar:/home/carmen/.m2/repository/com/vaadin/flow-data/2.0.18/flow-data-2.0.18.jar:/home/carmen/.m2/repository/javax/validation/validation-api/2.0.1.Final/validation-api-2.0.1.Final.jar:/home/carmen/.m2/repository/com/vaadin/vaadin-lumo-theme/2.0.18/vaadin-lumo-theme-2.0.18.jar:/home/carmen/.m2/repository/org/webjars/bowergithub/vaadin/vaadin-lumo-styles/1.5.0/vaadin-lumo-styles-1.5.0.jar:/home/carmen/.m2/repository/org/webjars/bowergithub/polymerelements/iron-icon/2.1.0/iron-icon-2.1.0.jar:/home/carmen/.m2/repository/org/webjars/bowergithub/polymerelements/iron-meta/2.1.1/iron-meta-2.1.1.jar:/home/carmen/.m2/repository/org/webjars/bowergithub/polymerelements/iron-iconset-svg/2.2.1/iron-iconset-svg-2.2.1.jar:/home/carmen/.m2/repository/org/webjars/bowergithub/polymerelements/iron-flex-layout/2.0.3/iron-flex-layout-2.0.3.jar:/home/carmen/.m2/repository/com/vaadin/vaadin-material-theme/2.0.18/vaadin-material-theme-2.0.18.jar:/home/carmen/.m2/repository/org/webjars/bowergithub/vaadin/vaadin-material-styles/1.2.3/vaadin-material-styles-1.2.3.jar:/home/carmen/.m2/repository/com/vaadin/vaadin-accordion-flow/2.0.0/vaadin-accordion-flow-2.0.0.jar:/home/carmen/.m2/repository/org/webjars/bowergithub/vaadin/vaadin-accordion/1.0.1/vaadin-accordion-1.0.1.jar:/home/carmen/.m2/repository/org/webjars/bowergithub/vaadin/vaadin-details/1.0.1/vaadin-details-1.0.1.jar:/home/carmen/.m2/repository/com/vaadin/vaadin-button-flow/2.0.1/vaadin-button-flow-2.0.1.jar:/home/carmen/.m2/repository/org/webjars/bowergithub/vaadin/vaadin-button/2.2.1/vaadin-button-2.2.1.jar:/home/carmen/.m2/repository/org/webjars/bowergithub/vaadin/vaadin-control-state-mixin/2.1.3/vaadin-control-state-mixin-2.1.3.jar:/home/carmen/.m2/repository/com/vaadin/vaadin-checkbox-flow/2.0.1/vaadin-checkbox-flow-2.0.1.jar:/home/carmen/.m2/repository/org/webjars/bowergithub/vaadin/vaadin-checkbox/2.2.10/vaadin-checkbox-2.2.10.jar:/home/carmen/.m2/repository/com/vaadin/vaadin-combo-box-flow/3.0.6/vaadin-combo-box-flow-3.0.6.jar:/home/carmen/.m2/repository/org/webjars/bowergithub/vaadin/vaadin-combo-box/5.0.9/vaadin-combo-box-5.0.9.jar:/home/carmen/.m2/repository/org/webjars/bowergithub/vaadin/vaadin-text-field/2.4.14/vaadin-text-field-2.4.14.jar:/home/carmen/.m2/repository/org/webjars/bowergithub/polymerelements/iron-a11y-announcer/2.1.0/iron-a11y-announcer-2.1.0.jar:/home/carmen/.m2/repository/org/webjars/bowergithub/polymerelements/iron-list/2.0.19/iron-list-2.0.19.jar:/home/carmen/.m2/repository/org/webjars/bowergithub/polymerelements/iron-scroll-target-behavior/2.1.1/iron-scroll-target-behavior-2.1.1.jar:/home/carmen/.m2/repository/org/webjars/bowergithub/polymerelements/iron-a11y-keys-behavior/2.1.1/iron-a11y-keys-behavior-2.1.1.jar:/home/carmen/.m2/repository/org/webjars/bowergithub/vaadin/vaadin-item/2.1.1/vaadin-item-2.1.1.jar:/home/carmen/.m2/repository/org/webjars/bowergithub/vaadin/vaadin-overlay/3.2.15/vaadin-overlay-3.2.15.jar:/home/carmen/.m2/repository/org/webjars/bowergithub/polymerelements/iron-overlay-behavior/2.3.4/iron-overlay-behavior-2.3.4.jar:/home/carmen/.m2/repository/org/webjars/bowergithub/polymerelements/iron-fit-behavior/2.2.1/iron-fit-behavior-2.2.1.jar:/home/carmen/.m2/repository/com/vaadin/vaadin-custom-field-flow/3.0.1/vaadin-custom-field-flow-3.0.1.jar:/home/carmen/.m2/repository/javax/servlet/javax.servlet-api/4.0.1/javax.servlet-api-4.0.1.jar:/home/carmen/.m2/repository/org/webjars/bowergithub/vaadin/vaadin-custom-field/1.0.6/vaadin-custom-field-1.0.6.jar:/home/carmen/.m2/repository/com/vaadin/vaadin-date-picker-flow/2.0.5/vaadin-date-picker-flow-2.0.5.jar:/home/carmen/.m2/repository/org/webjars/bowergithub/vaadin/vaadin-date-picker/4.0.5/vaadin-date-picker-4.0.5.jar:/home/carmen/.m2/repository/org/webjars/bowergithub/polymerelements/iron-media-query/2.1.0/iron-media-query-2.1.0.jar:/home/carmen/.m2/repository/com/vaadin/vaadin-details-flow/2.0.0/vaadin-details-flow-2.0.0.jar:/home/carmen/.m2/repository/com/vaadin/vaadin-time-picker-flow/2.0.3/vaadin-time-picker-flow-2.0.3.jar:/home/carmen/.m2/repository/org/webjars/bowergithub/vaadin/vaadin-time-picker/2.0.4/vaadin-time-picker-2.0.4.jar:/home/carmen/.m2/repository/com/vaadin/vaadin-select-flow/2.0.2/vaadin-select-flow-2.0.2.jar:/home/carmen/.m2/repository/org/webjars/bowergithub/vaadin/vaadin-select/2.1.6/vaadin-select-2.1.6.jar:/home/carmen/.m2/repository/org/webjars/bowergithub/vaadin/vaadin-list-box/1.1.1/vaadin-list-box-1.1.1.jar:/home/carmen/.m2/repository/org/webjars/bowergithub/vaadin/vaadin-list-mixin/2.2.1/vaadin-list-mixin-2.2.1.jar:/home/carmen/.m2/repository/com/vaadin/vaadin-dialog-flow/2.0.1/vaadin-dialog-flow-2.0.1.jar:/home/carmen/.m2/repository/org/webjars/bowergithub/vaadin/vaadin-dialog/2.2.1/vaadin-dialog-2.2.1.jar:/home/carmen/.m2/repository/com/vaadin/vaadin-form-layout-flow/2.0.2/vaadin-form-layout-flow-2.0.2.jar:/home/carmen/.m2/repository/org/webjars/bowergithub/vaadin/vaadin-form-layout/2.1.6/vaadin-form-layout-2.1.6.jar:/home/carmen/.m2/repository/com/vaadin/vaadin-grid-flow/4.0.11/vaadin-grid-flow-4.0.11.jar:/home/carmen/.m2/repository/org/webjars/npm/vaadin__vaadin-mobile-drag-drop/1.0.0/vaadin__vaadin-mobile-drag-drop-1.0.0.jar:/home/carmen/.m2/repository/org/webjars/npm/mobile-drag-drop/2.3.0-rc.1/mobile-drag-drop-2.3.0-rc.1.jar:/home/carmen/.m2/repository/org/webjars/bowergithub/vaadin/vaadin-grid/5.4.12/vaadin-grid-5.4.12.jar:/home/carmen/.m2/repository/org/apache/commons/commons-lang3/3.9/commons-lang3-3.9.jar:/home/carmen/.m2/repository/com/vaadin/vaadin-icons-flow/2.0.1/vaadin-icons-flow-2.0.1.jar:/home/carmen/.m2/repository/org/webjars/bowergithub/vaadin/vaadin-icons/4.3.1/vaadin-icons-4.3.1.jar:/home/carmen/.m2/repository/com/vaadin/vaadin-iron-list-flow/2.0.0/vaadin-iron-list-flow-2.0.0.jar:/home/carmen/.m2/repository/com/vaadin/vaadin-list-box-flow/2.0.0/vaadin-list-box-flow-2.0.0.jar:/home/carmen/.m2/repository/com/vaadin/vaadin-login-flow/2.0.0/vaadin-login-flow-2.0.0.jar:/home/carmen/.m2/repository/org/webjars/bowergithub/vaadin/vaadin-login/1.0.1/vaadin-login-1.0.1.jar:/home/carmen/.m2/repository/com/vaadin/vaadin-ordered-layout-flow/2.0.0/vaadin-ordered-layout-flow-2.0.0.jar:/home/carmen/.m2/repository/org/webjars/bowergithub/vaadin/vaadin-ordered-layout/1.1.0/vaadin-ordered-layout-1.1.0.jar:/home/carmen/.m2/repository/com/vaadin/vaadin-progress-bar-flow/2.0.2/vaadin-progress-bar-flow-2.0.2.jar:/home/carmen/.m2/repository/org/webjars/bowergithub/vaadin/vaadin-progress-bar/1.1.2/vaadin-progress-bar-1.1.2.jar:/home/carmen/.m2/repository/com/vaadin/vaadin-radio-button-flow/2.0.1/vaadin-radio-button-flow-2.0.1.jar:/home/carmen/.m2/repository/org/webjars/bowergithub/vaadin/vaadin-radio-button/1.2.3/vaadin-radio-button-1.2.3.jar:/home/carmen/.m2/repository/com/vaadin/vaadin-split-layout-flow/2.0.3/vaadin-split-layout-flow-2.0.3.jar:/home/carmen/.m2/repository/org/webjars/bowergithub/vaadin/vaadin-split-layout/4.1.1/vaadin-split-layout-4.1.1.jar:/home/carmen/.m2/repository/com/vaadin/vaadin-tabs-flow/2.0.4/vaadin-tabs-flow-2.0.4.jar:/home/carmen/.m2/repository/org/webjars/bowergithub/vaadin/vaadin-tabs/3.0.5/vaadin-tabs-3.0.5.jar:/home/carmen/.m2/repository/com/vaadin/vaadin-text-field-flow/2.0.8/vaadin-text-field-flow-2.0.8.jar:/home/carmen/.m2/repository/com/vaadin/vaadin-upload-flow/2.0.1/vaadin-upload-flow-2.0.1.jar:/home/carmen/.m2/repository/org/webjars/bowergithub/vaadin/vaadin-upload/4.2.2/vaadin-upload-4.2.2.jar:/home/carmen/.m2/repository/com/vaadin/vaadin-notification-flow/2.0.0/vaadin-notification-flow-2.0.0.jar:/home/carmen/.m2/repository/org/webjars/bowergithub/vaadin/vaadin-notification/1.4.0/vaadin-notification-1.4.0.jar:/home/carmen/.m2/repository/com/vaadin/vaadin-app-layout-flow/2.0.3/vaadin-app-layout-flow-2.0.3.jar:/home/carmen/.m2/repository/org/webjars/bowergithub/vaadin/vaadin-app-layout/2.0.3/vaadin-app-layout-2.0.3.jar:/home/carmen/.m2/repository/com/vaadin/vaadin-context-menu-flow/3.0.4/vaadin-context-menu-flow-3.0.4.jar:/home/carmen/.m2/repository/org/webjars/bowergithub/vaadin/vaadin-context-menu/4.3.12/vaadin-context-menu-4.3.12.jar:/home/carmen/.m2/repository/com/vaadin/vaadin-menu-bar-flow/1.0.2/vaadin-menu-bar-flow-1.0.2.jar:/home/carmen/.m2/repository/org/webjars/bowergithub/vaadin/vaadin-menu-bar/1.0.3/vaadin-menu-bar-1.0.3.jar:/home/carmen/.m2/repository/com/github/appreciated/paper-ripple/2.0.1/paper-ripple-2.0.1.jar:/home/carmen/.m2/repository/org/springframework/boot/spring-boot-starter-mail/2.0.1.RELEASE/spring-boot-starter-mail-2.0.1.RELEASE.jar:/home/carmen/.m2/repository/org/springframework/boot/spring-boot-starter/2.2.1.RELEASE/spring-boot-starter-2.2.1.RELEASE.jar:/home/carmen/.m2/repository/org/springframework/boot/spring-boot/2.2.1.RELEASE/spring-boot-2.2.1.RELEASE.jar:/home/carmen/.m2/repository/org/springframework/boot/spring-boot-autoconfigure/2.2.1.RELEASE/spring-boot-autoconfigure-2.2.1.RELEASE.jar:/home/carmen/.m2/repository/org/springframework/boot/spring-boot-starter-logging/2.2.1.RELEASE/spring-boot-starter-logging-2.2.1.RELEASE.jar:/home/carmen/.m2/repository/ch/qos/logback/logback-classic/1.2.3/logback-classic-1.2.3.jar:/home/carmen/.m2/repository/ch/qos/logback/logback-core/1.2.3/logback-core-1.2.3.jar:/home/carmen/.m2/repository/org/apache/logging/log4j/log4j-to-slf4j/2.12.1/log4j-to-slf4j-2.12.1.jar:/home/carmen/.m2/repository/org/apache/logging/log4j/log4j-api/2.12.1/log4j-api-2.12.1.jar:/home/carmen/.m2/repository/org/slf4j/jul-to-slf4j/1.7.29/jul-to-slf4j-1.7.29.jar:/home/carmen/.m2/repository/jakarta/annotation/jakarta.annotation-api/1.3.5/jakarta.annotation-api-1.3.5.jar:/home/carmen/.m2/repository/org/yaml/snakeyaml/1.25/snakeyaml-1.25.jar:/home/carmen/.m2/repository/org/springframework/spring-context/5.2.1.RELEASE/spring-context-5.2.1.RELEASE.jar:/home/carmen/.m2/repository/org/springframework/spring-context-support/5.2.1.RELEASE/spring-context-support-5.2.1.RELEASE.jar:/home/carmen/.m2/repository/com/sun/mail/javax.mail/1.6.1/javax.mail-1.6.1.jar:/home/carmen/.m2/repository/com/vaadin/vaadin-charts-flow/7.0.2/vaadin-charts-flow-7.0.2.jar:/home/carmen/.m2/repository/com/vaadin/webjar/vaadin-charts/6.2.4/vaadin-charts-6.2.4.jar:/home/carmen/.m2/repository/org/webjars/bowergithub/vaadin/vaadin-themable-mixin/1.4.4/vaadin-themable-mixin-1.4.4.jar:/home/carmen/.m2/repository/com/fasterxml/jackson/core/jackson-databind/2.10.0/jackson-databind-2.10.0.jar:/home/carmen/.m2/repository/com/fasterxml/jackson/core/jackson-annotations/2.10.0/jackson-annotations-2.10.0.jar:/home/carmen/.m2/repository/com/fasterxml/jackson/core/jackson-core/2.10.0/jackson-core-2.10.0.jar:/home/carmen/.m2/repository/org/vaadin/gatanaso/multiselect-combo-box-flow/2.3.0/multiselect-combo-box-flow-2.3.0.jar:/home/carmen/.m2/repository/org/springframework/boot/spring-boot-starter-data-jpa/2.2.1.RELEASE/spring-boot-starter-data-jpa-2.2.1.RELEASE.jar:/home/carmen/.m2/repository/org/springframework/boot/spring-boot-starter-aop/2.2.1.RELEASE/spring-boot-starter-aop-2.2.1.RELEASE.jar:/home/carmen/.m2/repository/org/aspectj/aspectjweaver/1.9.4/aspectjweaver-1.9.4.jar:/home/carmen/.m2/repository/org/springframework/boot/spring-boot-starter-jdbc/2.2.1.RELEASE/spring-boot-starter-jdbc-2.2.1.RELEASE.jar:/home/carmen/.m2/repository/com/zaxxer/HikariCP/3.4.1/HikariCP-3.4.1.jar:/home/carmen/.m2/repository/org/springframework/spring-jdbc/5.2.1.RELEASE/spring-jdbc-5.2.1.RELEASE.jar:/home/carmen/.m2/repository/jakarta/activation/jakarta.activation-api/1.2.1/jakarta.activation-api-1.2.1.jar:/home/carmen/.m2/repository/jakarta/persistence/jakarta.persistence-api/2.2.3/jakarta.persistence-api-2.2.3.jar:/home/carmen/.m2/repository/jakarta/transaction/jakarta.transaction-api/1.3.3/jakarta.transaction-api-1.3.3.jar:/home/carmen/.m2/repository/org/hibernate/hibernate-core/5.4.8.Final/hibernate-core-5.4.8.Final.jar:/home/carmen/.m2/repository/org/jboss/logging/jboss-logging/3.4.1.Final/jboss-logging-3.4.1.Final.jar:/home/carmen/.m2/repository/org/javassist/javassist/3.24.0-GA/javassist-3.24.0-GA.jar:/home/carmen/.m2/repository/net/bytebuddy/byte-buddy/1.10.2/byte-buddy-1.10.2.jar:/home/carmen/.m2/repository/antlr/antlr/2.7.7/antlr-2.7.7.jar:/home/carmen/.m2/repository/org/jboss/jandex/2.0.5.Final/jandex-2.0.5.Final.jar:/home/carmen/.m2/repository/com/fasterxml/classmate/1.5.1/classmate-1.5.1.jar:/home/carmen/.m2/repository/org/dom4j/dom4j/2.1.1/dom4j-2.1.1.jar:/home/carmen/.m2/repository/org/hibernate/common/hibernate-commons-annotations/5.1.0.Final/hibernate-commons-annotations-5.1.0.Final.jar:/home/carmen/.m2/repository/org/glassfish/jaxb/jaxb-runtime/2.3.2/jaxb-runtime-2.3.2.jar:/home/carmen/.m2/repository/org/glassfish/jaxb/txw2/2.3.2/txw2-2.3.2.jar:/home/carmen/.m2/repository/com/sun/istack/istack-commons-runtime/3.0.8/istack-commons-runtime-3.0.8.jar:/home/carmen/.m2/repository/org/jvnet/staxex/stax-ex/1.8.1/stax-ex-1.8.1.jar:/home/carmen/.m2/repository/com/sun/xml/fastinfoset/FastInfoset/1.2.16/FastInfoset-1.2.16.jar:/home/carmen/.m2/repository/org/springframework/data/spring-data-jpa/2.2.1.RELEASE/spring-data-jpa-2.2.1.RELEASE.jar:/home/carmen/.m2/repository/org/springframework/data/spring-data-commons/2.2.1.RELEASE/spring-data-commons-2.2.1.RELEASE.jar:/home/carmen/.m2/repository/org/springframework/spring-orm/5.2.1.RELEASE/spring-orm-5.2.1.RELEASE.jar:/home/carmen/.m2/repository/org/springframework/spring-tx/5.2.1.RELEASE/spring-tx-5.2.1.RELEASE.jar:/home/carmen/.m2/repository/org/slf4j/slf4j-api/1.7.29/slf4j-api-1.7.29.jar:/home/carmen/.m2/repository/org/springframework/spring-aspects/5.2.1.RELEASE/spring-aspects-5.2.1.RELEASE.jar:/home/carmen/.m2/repository/javax/mail/mail/1.5.0-b01/mail-1.5.0-b01.jar:/home/carmen/.m2/repository/javax/activation/activation/1.1/activation-1.1.jar:/home/carmen/.m2/repository/org/springframework/security/spring-security-config/5.2.1.RELEASE/spring-security-config-5.2.1.RELEASE.jar:/home/carmen/.m2/repository/org/springframework/spring-aop/5.2.1.RELEASE/spring-aop-5.2.1.RELEASE.jar:/home/carmen/.m2/repository/org/springframework/spring-beans/5.2.1.RELEASE/spring-beans-5.2.1.RELEASE.jar:/home/carmen/.m2/repository/org/springframework/spring-core/5.2.1.RELEASE/spring-core-5.2.1.RELEASE.jar:/home/carmen/.m2/repository/org/springframework/spring-jcl/5.2.1.RELEASE/spring-jcl-5.2.1.RELEASE.jar:/home/carmen/.m2/repository/org/springframework/security/spring-security-web/5.2.1.RELEASE/spring-security-web-5.2.1.RELEASE.jar:/home/carmen/.m2/repository/org/springframework/spring-expression/5.2.1.RELEASE/spring-expression-5.2.1.RELEASE.jar:/home/carmen/.m2/repository/org/springframework/spring-web/5.2.1.RELEASE/spring-web-5.2.1.RELEASE.jar:/home/carmen/.m2/repository/org/springframework/security/spring-security-core/5.2.1.RELEASE/spring-security-core-5.2.1.RELEASE.jar:/home/carmen/.m2/repository/org/springframework/boot/spring-boot-starter-web/2.2.1.RELEASE/spring-boot-starter-web-2.2.1.RELEASE.jar:/home/carmen/.m2/repository/org/springframework/boot/spring-boot-starter-json/2.2.1.RELEASE/spring-boot-starter-json-2.2.1.RELEASE.jar:/home/carmen/.m2/repository/com/fasterxml/jackson/datatype/jackson-datatype-jdk8/2.10.0/jackson-datatype-jdk8-2.10.0.jar:/home/carmen/.m2/repository/com/fasterxml/jackson/datatype/jackson-datatype-jsr310/2.10.0/jackson-datatype-jsr310-2.10.0.jar:/home/carmen/.m2/repository/com/fasterxml/jackson/module/jackson-module-parameter-names/2.10.0/jackson-module-parameter-names-2.10.0.jar:/home/carmen/.m2/repository/org/springframework/boot/spring-boot-starter-tomcat/2.2.1.RELEASE/spring-boot-starter-tomcat-2.2.1.RELEASE.jar:/home/carmen/.m2/repository/org/apache/tomcat/embed/tomcat-embed-core/9.0.27/tomcat-embed-core-9.0.27.jar:/home/carmen/.m2/repository/org/apache/tomcat/embed/tomcat-embed-el/9.0.27/tomcat-embed-el-9.0.27.jar:/home/carmen/.m2/repository/org/apache/tomcat/embed/tomcat-embed-websocket/9.0.27/tomcat-embed-websocket-9.0.27.jar:/home/carmen/.m2/repository/org/springframework/boot/spring-boot-starter-validation/2.2.1.RELEASE/spring-boot-starter-validation-2.2.1.RELEASE.jar:/home/carmen/.m2/repository/jakarta/validation/jakarta.validation-api/2.0.1/jakarta.validation-api-2.0.1.jar:/home/carmen/.m2/repository/org/hibernate/validator/hibernate-validator/6.0.18.Final/hibernate-validator-6.0.18.Final.jar:/home/carmen/.m2/repository/org/springframework/spring-webmvc/5.2.1.RELEASE/spring-webmvc-5.2.1.RELEASE.jar:/home/carmen/.m2/repository/com/vaadin/vaadin-spring-boot-starter/14.0.13/vaadin-spring-boot-starter-14.0.13.jar:/home/carmen/.m2/repository/com/vaadin/vaadin-spring/12.0.6/vaadin-spring-12.0.6.jar:/home/carmen/.m2/repository/org/springframework/spring-websocket/5.2.1.RELEASE/spring-websocket-5.2.1.RELEASE.jar:/home/carmen/.m2/repository/org/springframework/security/spring-security-crypto/5.2.1.RELEASE/spring-security-crypto-5.2.1.RELEASE.jar:/home/carmen/.m2/repository/mysql/mysql-connector-java/8.0.18/mysql-connector-java-8.0.18.jar:/home/carmen/.m2/repository/org/projectlombok/lombok/1.18.10/lombok-1.18.10.jar:/home/carmen/.m2/repository/org/springframework/boot/spring-boot-starter-test/2.2.1.RELEASE/spring-boot-starter-test-2.2.1.RELEASE.jar:/home/carmen/.m2/repository/org/springframework/boot/spring-boot-test/2.2.1.RELEASE/spring-boot-test-2.2.1.RELEASE.jar:/home/carmen/.m2/repository/org/springframework/boot/spring-boot-test-autoconfigure/2.2.1.RELEASE/spring-boot-test-autoconfigure-2.2.1.RELEASE.jar:/home/carmen/.m2/repository/com/jayway/jsonpath/json-path/2.4.0/json-path-2.4.0.jar:/home/carmen/.m2/repository/net/minidev/json-smart/2.3/json-smart-2.3.jar:/home/carmen/.m2/repository/net/minidev/accessors-smart/1.2/accessors-smart-1.2.jar:/home/carmen/.m2/repository/org/ow2/asm/asm/5.0.4/asm-5.0.4.jar:/home/carmen/.m2/repository/jakarta/xml/bind/jakarta.xml.bind-api/2.3.2/jakarta.xml.bind-api-2.3.2.jar:/home/carmen/.m2/repository/org/junit/jupiter/junit-jupiter/5.5.2/junit-jupiter-5.5.2.jar:/home/carmen/.m2/repository/org/junit/jupiter/junit-jupiter-api/5.5.2/junit-jupiter-api-5.5.2.jar:/home/carmen/.m2/repository/org/apiguardian/apiguardian-api/1.1.0/apiguardian-api-1.1.0.jar:/home/carmen/.m2/repository/org/opentest4j/opentest4j/1.2.0/opentest4j-1.2.0.jar:/home/carmen/.m2/repository/org/junit/platform/junit-platform-commons/1.5.2/junit-platform-commons-1.5.2.jar:/home/carmen/.m2/repository/org/junit/jupiter/junit-jupiter-params/5.5.2/junit-jupiter-params-5.5.2.jar:/home/carmen/.m2/repository/org/junit/jupiter/junit-jupiter-engine/5.5.2/junit-jupiter-engine-5.5.2.jar:/home/carmen/.m2/repository/org/junit/platform/junit-platform-engine/1.5.2/junit-platform-engine-1.5.2.jar:/home/carmen/.m2/repository/org/mockito/mockito-junit-jupiter/3.1.0/mockito-junit-jupiter-3.1.0.jar:/home/carmen/.m2/repository/org/assertj/assertj-core/3.13.2/assertj-core-3.13.2.jar:/home/carmen/.m2/repository/org/hamcrest/hamcrest/2.1/hamcrest-2.1.jar:/home/carmen/.m2/repository/org/mockito/mockito-core/3.1.0/mockito-core-3.1.0.jar:/home/carmen/.m2/repository/net/bytebuddy/byte-buddy-agent/1.10.2/byte-buddy-agent-1.10.2.jar:/home/carmen/.m2/repository/org/objenesis/objenesis/2.6/objenesis-2.6.jar:/home/carmen/.m2/repository/org/skyscreamer/jsonassert/1.5.0/jsonassert-1.5.0.jar:/home/carmen/.m2/repository/com/vaadin/external/google/android-json/0.0.20131108.vaadin1/android-json-0.0.20131108.vaadin1.jar:/home/carmen/.m2/repository/org/springframework/spring-test/5.2.1.RELEASE/spring-test-5.2.1.RELEASE.jar:/home/carmen/.m2/repository/org/xmlunit/xmlunit-core/2.6.3/xmlunit-core-2.6.3.jar:"/>
    <property name="java.vm.vendor" value="Private Build"/>
    <property name="sun.arch.data.model" value="64"/>
    <property name="java.vendor.url" value="http://java.oracle.com/"/>
    <property name="user.timezone" value=""/>
    <property name="java.vm.specification.version" value="1.8"/>
    <property name="os.name" value="Linux"/>
    <property name="user.country" value="ES"/>
    <property name="sun.java.launcher" value="SUN_STANDARD"/>
    <property name="sun.boot.library.path" value="/usr/lib/jvm/java-8-openjdk-amd64/jre/lib/amd64"/>
    <property name="sun.java.command" value="/home/carmen/Documentos/IW/github/xd/2019-2020-COSTAVESPERTINO/target/surefire/surefirebooter3842751535589014785.jar /home/carmen/Documentos/IW/github/xd/2019-2020-COSTAVESPERTINO/target/surefire 2020-01-28T01-36-31_594-jvmRun1 surefire2565296794000118213tmp surefire_07084740152102069266tmp"/>
    <property name="surefire.test.class.path" value="/home/carmen/Documentos/IW/github/xd/2019-2020-COSTAVESPERTINO/target/test-classes:/home/carmen/Documentos/IW/github/xd/2019-2020-COSTAVESPERTINO/target/classes:/home/carmen/.m2/repository/com/vaadin/vaadin-board-flow/3.0.1/vaadin-board-flow-3.0.1.jar:/home/carmen/.m2/repository/com/vaadin/webjar/vaadin-board/2.1.1/vaadin-board-2.1.1.jar:/home/carmen/.m2/repository/org/webjars/bowergithub/vaadin/license-checker/2.1.1/license-checker-2.1.1.jar:/home/carmen/.m2/repository/org/webjars/bowergithub/polymerelements/iron-resizable-behavior/2.1.1/iron-resizable-behavior-2.1.1.jar:/home/carmen/.m2/repository/org/webjars/bowergithub/polymer/polymer/2.7.0/polymer-2.7.0.jar:/home/carmen/.m2/repository/org/webjars/bowergithub/webcomponents/webcomponentsjs/1.2.6/webcomponentsjs-1.2.6.jar:/home/carmen/.m2/repository/org/webjars/bowergithub/webcomponents/shadycss/1.8.0/shadycss-1.8.0.jar:/home/carmen/.m2/repository/org/webjars/bowergithub/vaadin/vaadin-element-mixin/2.1.4/vaadin-element-mixin-2.1.4.jar:/home/carmen/.m2/repository/org/webjars/bowergithub/vaadin/vaadin-usage-statistics/2.0.11/vaadin-usage-statistics-2.0.11.jar:/home/carmen/.m2/repository/org/webjars/bowergithub/vaadin/vaadin-development-mode-detector/2.0.4/vaadin-development-mode-detector-2.0.4.jar:/home/carmen/.m2/repository/com/github/appreciated/card/2.0.0.beta4/card-2.0.0.beta4.jar:/home/carmen/.m2/repository/com/vaadin/vaadin-core/14.0.13/vaadin-core-14.0.13.jar:/home/carmen/.m2/repository/com/vaadin/flow-server/2.0.18/flow-server-2.0.18.jar:/home/carmen/.m2/repository/com/vaadin/external/gwt/gwt-elemental/2.8.2.vaadin2/gwt-elemental-2.8.2.vaadin2.jar:/home/carmen/.m2/repository/commons-fileupload/commons-fileupload/1.3.3/commons-fileupload-1.3.3.jar:/home/carmen/.m2/repository/commons-io/commons-io/2.5/commons-io-2.5.jar:/home/carmen/.m2/repository/org/jsoup/jsoup/1.11.3/jsoup-1.11.3.jar:/home/carmen/.m2/repository/com/helger/ph-css/6.1.1/ph-css-6.1.1.jar:/home/carmen/.m2/repository/com/helger/ph-commons/9.1.2/ph-commons-9.1.2.jar:/home/carmen/.m2/repository/com/vaadin/external/gentyref/1.2.0.vaadin1/gentyref-1.2.0.vaadin1.jar:/home/carmen/.m2/repository/com/vaadin/flow-push/2.0.18/flow-push-2.0.18.jar:/home/carmen/.m2/repository/com/vaadin/external/atmosphere/atmosphere-runtime/2.4.30.slf4jvaadin1/atmosphere-runtime-2.4.30.slf4jvaadin1.jar:/home/carmen/.m2/repository/com/vaadin/flow-client/2.0.18/flow-client-2.0.18.jar:/home/carmen/.m2/repository/com/vaadin/flow-html-components/2.0.18/flow-html-components-2.0.18.jar:/home/carmen/.m2/repository/com/vaadin/flow-data/2.0.18/flow-data-2.0.18.jar:/home/carmen/.m2/repository/javax/validation/validation-api/2.0.1.Final/validation-api-2.0.1.Final.jar:/home/carmen/.m2/repository/com/vaadin/vaadin-lumo-theme/2.0.18/vaadin-lumo-theme-2.0.18.jar:/home/carmen/.m2/repository/org/webjars/bowergithub/vaadin/vaadin-lumo-styles/1.5.0/vaadin-lumo-styles-1.5.0.jar:/home/carmen/.m2/repository/org/webjars/bowergithub/polymerelements/iron-icon/2.1.0/iron-icon-2.1.0.jar:/home/carmen/.m2/repository/org/webjars/bowergithub/polymerelements/iron-meta/2.1.1/iron-meta-2.1.1.jar:/home/carmen/.m2/repository/org/webjars/bowergithub/polymerelements/iron-iconset-svg/2.2.1/iron-iconset-svg-2.2.1.jar:/home/carmen/.m2/repository/org/webjars/bowergithub/polymerelements/iron-flex-layout/2.0.3/iron-flex-layout-2.0.3.jar:/home/carmen/.m2/repository/com/vaadin/vaadin-material-theme/2.0.18/vaadin-material-theme-2.0.18.jar:/home/carmen/.m2/repository/org/webjars/bowergithub/vaadin/vaadin-material-styles/1.2.3/vaadin-material-styles-1.2.3.jar:/home/carmen/.m2/repository/com/vaadin/vaadin-accordion-flow/2.0.0/vaadin-accordion-flow-2.0.0.jar:/home/carmen/.m2/repository/org/webjars/bowergithub/vaadin/vaadin-accordion/1.0.1/vaadin-accordion-1.0.1.jar:/home/carmen/.m2/repository/org/webjars/bowergithub/vaadin/vaadin-details/1.0.1/vaadin-details-1.0.1.jar:/home/carmen/.m2/repository/com/vaadin/vaadin-button-flow/2.0.1/vaadin-button-flow-2.0.1.jar:/home/carmen/.m2/repository/org/webjars/bowergithub/vaadin/vaadin-button/2.2.1/vaadin-button-2.2.1.jar:/home/carmen/.m2/repository/org/webjars/bowergithub/vaadin/vaadin-control-state-mixin/2.1.3/vaadin-control-state-mixin-2.1.3.jar:/home/carmen/.m2/repository/com/vaadin/vaadin-checkbox-flow/2.0.1/vaadin-checkbox-flow-2.0.1.jar:/home/carmen/.m2/repository/org/webjars/bowergithub/vaadin/vaadin-checkbox/2.2.10/vaadin-checkbox-2.2.10.jar:/home/carmen/.m2/repository/com/vaadin/vaadin-combo-box-flow/3.0.6/vaadin-combo-box-flow-3.0.6.jar:/home/carmen/.m2/repository/org/webjars/bowergithub/vaadin/vaadin-combo-box/5.0.9/vaadin-combo-box-5.0.9.jar:/home/carmen/.m2/repository/org/webjars/bowergithub/vaadin/vaadin-text-field/2.4.14/vaadin-text-field-2.4.14.jar:/home/carmen/.m2/repository/org/webjars/bowergithub/polymerelements/iron-a11y-announcer/2.1.0/iron-a11y-announcer-2.1.0.jar:/home/carmen/.m2/repository/org/webjars/bowergithub/polymerelements/iron-list/2.0.19/iron-list-2.0.19.jar:/home/carmen/.m2/repository/org/webjars/bowergithub/polymerelements/iron-scroll-target-behavior/2.1.1/iron-scroll-target-behavior-2.1.1.jar:/home/carmen/.m2/repository/org/webjars/bowergithub/polymerelements/iron-a11y-keys-behavior/2.1.1/iron-a11y-keys-behavior-2.1.1.jar:/home/carmen/.m2/repository/org/webjars/bowergithub/vaadin/vaadin-item/2.1.1/vaadin-item-2.1.1.jar:/home/carmen/.m2/repository/org/webjars/bowergithub/vaadin/vaadin-overlay/3.2.15/vaadin-overlay-3.2.15.jar:/home/carmen/.m2/repository/org/webjars/bowergithub/polymerelements/iron-overlay-behavior/2.3.4/iron-overlay-behavior-2.3.4.jar:/home/carmen/.m2/repository/org/webjars/bowergithub/polymerelements/iron-fit-behavior/2.2.1/iron-fit-behavior-2.2.1.jar:/home/carmen/.m2/repository/com/vaadin/vaadin-custom-field-flow/3.0.1/vaadin-custom-field-flow-3.0.1.jar:/home/carmen/.m2/repository/javax/servlet/javax.servlet-api/4.0.1/javax.servlet-api-4.0.1.jar:/home/carmen/.m2/repository/org/webjars/bowergithub/vaadin/vaadin-custom-field/1.0.6/vaadin-custom-field-1.0.6.jar:/home/carmen/.m2/repository/com/vaadin/vaadin-date-picker-flow/2.0.5/vaadin-date-picker-flow-2.0.5.jar:/home/carmen/.m2/repository/org/webjars/bowergithub/vaadin/vaadin-date-picker/4.0.5/vaadin-date-picker-4.0.5.jar:/home/carmen/.m2/repository/org/webjars/bowergithub/polymerelements/iron-media-query/2.1.0/iron-media-query-2.1.0.jar:/home/carmen/.m2/repository/com/vaadin/vaadin-details-flow/2.0.0/vaadin-details-flow-2.0.0.jar:/home/carmen/.m2/repository/com/vaadin/vaadin-time-picker-flow/2.0.3/vaadin-time-picker-flow-2.0.3.jar:/home/carmen/.m2/repository/org/webjars/bowergithub/vaadin/vaadin-time-picker/2.0.4/vaadin-time-picker-2.0.4.jar:/home/carmen/.m2/repository/com/vaadin/vaadin-select-flow/2.0.2/vaadin-select-flow-2.0.2.jar:/home/carmen/.m2/repository/org/webjars/bowergithub/vaadin/vaadin-select/2.1.6/vaadin-select-2.1.6.jar:/home/carmen/.m2/repository/org/webjars/bowergithub/vaadin/vaadin-list-box/1.1.1/vaadin-list-box-1.1.1.jar:/home/carmen/.m2/repository/org/webjars/bowergithub/vaadin/vaadin-list-mixin/2.2.1/vaadin-list-mixin-2.2.1.jar:/home/carmen/.m2/repository/com/vaadin/vaadin-dialog-flow/2.0.1/vaadin-dialog-flow-2.0.1.jar:/home/carmen/.m2/repository/org/webjars/bowergithub/vaadin/vaadin-dialog/2.2.1/vaadin-dialog-2.2.1.jar:/home/carmen/.m2/repository/com/vaadin/vaadin-form-layout-flow/2.0.2/vaadin-form-layout-flow-2.0.2.jar:/home/carmen/.m2/repository/org/webjars/bowergithub/vaadin/vaadin-form-layout/2.1.6/vaadin-form-layout-2.1.6.jar:/home/carmen/.m2/repository/com/vaadin/vaadin-grid-flow/4.0.11/vaadin-grid-flow-4.0.11.jar:/home/carmen/.m2/repository/org/webjars/npm/vaadin__vaadin-mobile-drag-drop/1.0.0/vaadin__vaadin-mobile-drag-drop-1.0.0.jar:/home/carmen/.m2/repository/org/webjars/npm/mobile-drag-drop/2.3.0-rc.1/mobile-drag-drop-2.3.0-rc.1.jar:/home/carmen/.m2/repository/org/webjars/bowergithub/vaadin/vaadin-grid/5.4.12/vaadin-grid-5.4.12.jar:/home/carmen/.m2/repository/org/apache/commons/commons-lang3/3.9/commons-lang3-3.9.jar:/home/carmen/.m2/repository/com/vaadin/vaadin-icons-flow/2.0.1/vaadin-icons-flow-2.0.1.jar:/home/carmen/.m2/repository/org/webjars/bowergithub/vaadin/vaadin-icons/4.3.1/vaadin-icons-4.3.1.jar:/home/carmen/.m2/repository/com/vaadin/vaadin-iron-list-flow/2.0.0/vaadin-iron-list-flow-2.0.0.jar:/home/carmen/.m2/repository/com/vaadin/vaadin-list-box-flow/2.0.0/vaadin-list-box-flow-2.0.0.jar:/home/carmen/.m2/repository/com/vaadin/vaadin-login-flow/2.0.0/vaadin-login-flow-2.0.0.jar:/home/carmen/.m2/repository/org/webjars/bowergithub/vaadin/vaadin-login/1.0.1/vaadin-login-1.0.1.jar:/home/carmen/.m2/repository/com/vaadin/vaadin-ordered-layout-flow/2.0.0/vaadin-ordered-layout-flow-2.0.0.jar:/home/carmen/.m2/repository/org/webjars/bowergithub/vaadin/vaadin-ordered-layout/1.1.0/vaadin-ordered-layout-1.1.0.jar:/home/carmen/.m2/repository/com/vaadin/vaadin-progress-bar-flow/2.0.2/vaadin-progress-bar-flow-2.0.2.jar:/home/carmen/.m2/repository/org/webjars/bowergithub/vaadin/vaadin-progress-bar/1.1.2/vaadin-progress-bar-1.1.2.jar:/home/carmen/.m2/repository/com/vaadin/vaadin-radio-button-flow/2.0.1/vaadin-radio-button-flow-2.0.1.jar:/home/carmen/.m2/repository/org/webjars/bowergithub/vaadin/vaadin-radio-button/1.2.3/vaadin-radio-button-1.2.3.jar:/home/carmen/.m2/repository/com/vaadin/vaadin-split-layout-flow/2.0.3/vaadin-split-layout-flow-2.0.3.jar:/home/carmen/.m2/repository/org/webjars/bowergithub/vaadin/vaadin-split-layout/4.1.1/vaadin-split-layout-4.1.1.jar:/home/carmen/.m2/repository/com/vaadin/vaadin-tabs-flow/2.0.4/vaadin-tabs-flow-2.0.4.jar:/home/carmen/.m2/repository/org/webjars/bowergithub/vaadin/vaadin-tabs/3.0.5/vaadin-tabs-3.0.5.jar:/home/carmen/.m2/repository/com/vaadin/vaadin-text-field-flow/2.0.8/vaadin-text-field-flow-2.0.8.jar:/home/carmen/.m2/repository/com/vaadin/vaadin-upload-flow/2.0.1/vaadin-upload-flow-2.0.1.jar:/home/carmen/.m2/repository/org/webjars/bowergithub/vaadin/vaadin-upload/4.2.2/vaadin-upload-4.2.2.jar:/home/carmen/.m2/repository/com/vaadin/vaadin-notification-flow/2.0.0/vaadin-notification-flow-2.0.0.jar:/home/carmen/.m2/repository/org/webjars/bowergithub/vaadin/vaadin-notification/1.4.0/vaadin-notification-1.4.0.jar:/home/carmen/.m2/repository/com/vaadin/vaadin-app-layout-flow/2.0.3/vaadin-app-layout-flow-2.0.3.jar:/home/carmen/.m2/repository/org/webjars/bowergithub/vaadin/vaadin-app-layout/2.0.3/vaadin-app-layout-2.0.3.jar:/home/carmen/.m2/repository/com/vaadin/vaadin-context-menu-flow/3.0.4/vaadin-context-menu-flow-3.0.4.jar:/home/carmen/.m2/repository/org/webjars/bowergithub/vaadin/vaadin-context-menu/4.3.12/vaadin-context-menu-4.3.12.jar:/home/carmen/.m2/repository/com/vaadin/vaadin-menu-bar-flow/1.0.2/vaadin-menu-bar-flow-1.0.2.jar:/home/carmen/.m2/repository/org/webjars/bowergithub/vaadin/vaadin-menu-bar/1.0.3/vaadin-menu-bar-1.0.3.jar:/home/carmen/.m2/repository/com/github/appreciated/paper-ripple/2.0.1/paper-ripple-2.0.1.jar:/home/carmen/.m2/repository/org/springframework/boot/spring-boot-starter-mail/2.0.1.RELEASE/spring-boot-starter-mail-2.0.1.RELEASE.jar:/home/carmen/.m2/repository/org/springframework/boot/spring-boot-starter/2.2.1.RELEASE/spring-boot-starter-2.2.1.RELEASE.jar:/home/carmen/.m2/repository/org/springframework/boot/spring-boot/2.2.1.RELEASE/spring-boot-2.2.1.RELEASE.jar:/home/carmen/.m2/repository/org/springframework/boot/spring-boot-autoconfigure/2.2.1.RELEASE/spring-boot-autoconfigure-2.2.1.RELEASE.jar:/home/carmen/.m2/repository/org/springframework/boot/spring-boot-starter-logging/2.2.1.RELEASE/spring-boot-starter-logging-2.2.1.RELEASE.jar:/home/carmen/.m2/repository/ch/qos/logback/logback-classic/1.2.3/logback-classic-1.2.3.jar:/home/carmen/.m2/repository/ch/qos/logback/logback-core/1.2.3/logback-core-1.2.3.jar:/home/carmen/.m2/repository/org/apache/logging/log4j/log4j-to-slf4j/2.12.1/log4j-to-slf4j-2.12.1.jar:/home/carmen/.m2/repository/org/apache/logging/log4j/log4j-api/2.12.1/log4j-api-2.12.1.jar:/home/carmen/.m2/repository/org/slf4j/jul-to-slf4j/1.7.29/jul-to-slf4j-1.7.29.jar:/home/carmen/.m2/repository/jakarta/annotation/jakarta.annotation-api/1.3.5/jakarta.annotation-api-1.3.5.jar:/home/carmen/.m2/repository/org/yaml/snakeyaml/1.25/snakeyaml-1.25.jar:/home/carmen/.m2/repository/org/springframework/spring-context/5.2.1.RELEASE/spring-context-5.2.1.RELEASE.jar:/home/carmen/.m2/repository/org/springframework/spring-context-support/5.2.1.RELEASE/spring-context-support-5.2.1.RELEASE.jar:/home/carmen/.m2/repository/com/sun/mail/javax.mail/1.6.1/javax.mail-1.6.1.jar:/home/carmen/.m2/repository/com/vaadin/vaadin-charts-flow/7.0.2/vaadin-charts-flow-7.0.2.jar:/home/carmen/.m2/repository/com/vaadin/webjar/vaadin-charts/6.2.4/vaadin-charts-6.2.4.jar:/home/carmen/.m2/repository/org/webjars/bowergithub/vaadin/vaadin-themable-mixin/1.4.4/vaadin-themable-mixin-1.4.4.jar:/home/carmen/.m2/repository/com/fasterxml/jackson/core/jackson-databind/2.10.0/jackson-databind-2.10.0.jar:/home/carmen/.m2/repository/com/fasterxml/jackson/core/jackson-annotations/2.10.0/jackson-annotations-2.10.0.jar:/home/carmen/.m2/repository/com/fasterxml/jackson/core/jackson-core/2.10.0/jackson-core-2.10.0.jar:/home/carmen/.m2/repository/org/vaadin/gatanaso/multiselect-combo-box-flow/2.3.0/multiselect-combo-box-flow-2.3.0.jar:/home/carmen/.m2/repository/org/springframework/boot/spring-boot-starter-data-jpa/2.2.1.RELEASE/spring-boot-starter-data-jpa-2.2.1.RELEASE.jar:/home/carmen/.m2/repository/org/springframework/boot/spring-boot-starter-aop/2.2.1.RELEASE/spring-boot-starter-aop-2.2.1.RELEASE.jar:/home/carmen/.m2/repository/org/aspectj/aspectjweaver/1.9.4/aspectjweaver-1.9.4.jar:/home/carmen/.m2/repository/org/springframework/boot/spring-boot-starter-jdbc/2.2.1.RELEASE/spring-boot-starter-jdbc-2.2.1.RELEASE.jar:/home/carmen/.m2/repository/com/zaxxer/HikariCP/3.4.1/HikariCP-3.4.1.jar:/home/carmen/.m2/repository/org/springframework/spring-jdbc/5.2.1.RELEASE/spring-jdbc-5.2.1.RELEASE.jar:/home/carmen/.m2/repository/jakarta/activation/jakarta.activation-api/1.2.1/jakarta.activation-api-1.2.1.jar:/home/carmen/.m2/repository/jakarta/persistence/jakarta.persistence-api/2.2.3/jakarta.persistence-api-2.2.3.jar:/home/carmen/.m2/repository/jakarta/transaction/jakarta.transaction-api/1.3.3/jakarta.transaction-api-1.3.3.jar:/home/carmen/.m2/repository/org/hibernate/hibernate-core/5.4.8.Final/hibernate-core-5.4.8.Final.jar:/home/carmen/.m2/repository/org/jboss/logging/jboss-logging/3.4.1.Final/jboss-logging-3.4.1.Final.jar:/home/carmen/.m2/repository/org/javassist/javassist/3.24.0-GA/javassist-3.24.0-GA.jar:/home/carmen/.m2/repository/net/bytebuddy/byte-buddy/1.10.2/byte-buddy-1.10.2.jar:/home/carmen/.m2/repository/antlr/antlr/2.7.7/antlr-2.7.7.jar:/home/carmen/.m2/repository/org/jboss/jandex/2.0.5.Final/jandex-2.0.5.Final.jar:/home/carmen/.m2/repository/com/fasterxml/classmate/1.5.1/classmate-1.5.1.jar:/home/carmen/.m2/repository/org/dom4j/dom4j/2.1.1/dom4j-2.1.1.jar:/home/carmen/.m2/repository/org/hibernate/common/hibernate-commons-annotations/5.1.0.Final/hibernate-commons-annotations-5.1.0.Final.jar:/home/carmen/.m2/repository/org/glassfish/jaxb/jaxb-runtime/2.3.2/jaxb-runtime-2.3.2.jar:/home/carmen/.m2/repository/org/glassfish/jaxb/txw2/2.3.2/txw2-2.3.2.jar:/home/carmen/.m2/repository/com/sun/istack/istack-commons-runtime/3.0.8/istack-commons-runtime-3.0.8.jar:/home/carmen/.m2/repository/org/jvnet/staxex/stax-ex/1.8.1/stax-ex-1.8.1.jar:/home/carmen/.m2/repository/com/sun/xml/fastinfoset/FastInfoset/1.2.16/FastInfoset-1.2.16.jar:/home/carmen/.m2/repository/org/springframework/data/spring-data-jpa/2.2.1.RELEASE/spring-data-jpa-2.2.1.RELEASE.jar:/home/carmen/.m2/repository/org/springframework/data/spring-data-commons/2.2.1.RELEASE/spring-data-commons-2.2.1.RELEASE.jar:/home/carmen/.m2/repository/org/springframework/spring-orm/5.2.1.RELEASE/spring-orm-5.2.1.RELEASE.jar:/home/carmen/.m2/repository/org/springframework/spring-tx/5.2.1.RELEASE/spring-tx-5.2.1.RELEASE.jar:/home/carmen/.m2/repository/org/slf4j/slf4j-api/1.7.29/slf4j-api-1.7.29.jar:/home/carmen/.m2/repository/org/springframework/spring-aspects/5.2.1.RELEASE/spring-aspects-5.2.1.RELEASE.jar:/home/carmen/.m2/repository/javax/mail/mail/1.5.0-b01/mail-1.5.0-b01.jar:/home/carmen/.m2/repository/javax/activation/activation/1.1/activation-1.1.jar:/home/carmen/.m2/repository/org/springframework/security/spring-security-config/5.2.1.RELEASE/spring-security-config-5.2.1.RELEASE.jar:/home/carmen/.m2/repository/org/springframework/spring-aop/5.2.1.RELEASE/spring-aop-5.2.1.RELEASE.jar:/home/carmen/.m2/repository/org/springframework/spring-beans/5.2.1.RELEASE/spring-beans-5.2.1.RELEASE.jar:/home/carmen/.m2/repository/org/springframework/spring-core/5.2.1.RELEASE/spring-core-5.2.1.RELEASE.jar:/home/carmen/.m2/repository/org/springframework/spring-jcl/5.2.1.RELEASE/spring-jcl-5.2.1.RELEASE.jar:/home/carmen/.m2/repository/org/springframework/security/spring-security-web/5.2.1.RELEASE/spring-security-web-5.2.1.RELEASE.jar:/home/carmen/.m2/repository/org/springframework/spring-expression/5.2.1.RELEASE/spring-expression-5.2.1.RELEASE.jar:/home/carmen/.m2/repository/org/springframework/spring-web/5.2.1.RELEASE/spring-web-5.2.1.RELEASE.jar:/home/carmen/.m2/repository/org/springframework/security/spring-security-core/5.2.1.RELEASE/spring-security-core-5.2.1.RELEASE.jar:/home/carmen/.m2/repository/org/springframework/boot/spring-boot-starter-web/2.2.1.RELEASE/spring-boot-starter-web-2.2.1.RELEASE.jar:/home/carmen/.m2/repository/org/springframework/boot/spring-boot-starter-json/2.2.1.RELEASE/spring-boot-starter-json-2.2.1.RELEASE.jar:/home/carmen/.m2/repository/com/fasterxml/jackson/datatype/jackson-datatype-jdk8/2.10.0/jackson-datatype-jdk8-2.10.0.jar:/home/carmen/.m2/repository/com/fasterxml/jackson/datatype/jackson-datatype-jsr310/2.10.0/jackson-datatype-jsr310-2.10.0.jar:/home/carmen/.m2/repository/com/fasterxml/jackson/module/jackson-module-parameter-names/2.10.0/jackson-module-parameter-names-2.10.0.jar:/home/carmen/.m2/repository/org/springframework/boot/spring-boot-starter-tomcat/2.2.1.RELEASE/spring-boot-starter-tomcat-2.2.1.RELEASE.jar:/home/carmen/.m2/repository/org/apache/tomcat/embed/tomcat-embed-core/9.0.27/tomcat-embed-core-9.0.27.jar:/home/carmen/.m2/repository/org/apache/tomcat/embed/tomcat-embed-el/9.0.27/tomcat-embed-el-9.0.27.jar:/home/carmen/.m2/repository/org/apache/tomcat/embed/tomcat-embed-websocket/9.0.27/tomcat-embed-websocket-9.0.27.jar:/home/carmen/.m2/repository/org/springframework/boot/spring-boot-starter-validation/2.2.1.RELEASE/spring-boot-starter-validation-2.2.1.RELEASE.jar:/home/carmen/.m2/repository/jakarta/validation/jakarta.validation-api/2.0.1/jakarta.validation-api-2.0.1.jar:/home/carmen/.m2/repository/org/hibernate/validator/hibernate-validator/6.0.18.Final/hibernate-validator-6.0.18.Final.jar:/home/carmen/.m2/repository/org/springframework/spring-webmvc/5.2.1.RELEASE/spring-webmvc-5.2.1.RELEASE.jar:/home/carmen/.m2/repository/com/vaadin/vaadin-spring-boot-starter/14.0.13/vaadin-spring-boot-starter-14.0.13.jar:/home/carmen/.m2/repository/com/vaadin/vaadin-spring/12.0.6/vaadin-spring-12.0.6.jar:/home/carmen/.m2/repository/org/springframework/spring-websocket/5.2.1.RELEASE/spring-websocket-5.2.1.RELEASE.jar:/home/carmen/.m2/repository/org/springframework/security/spring-security-crypto/5.2.1.RELEASE/spring-security-crypto-5.2.1.RELEASE.jar:/home/carmen/.m2/repository/mysql/mysql-connector-java/8.0.18/mysql-connector-java-8.0.18.jar:/home/carmen/.m2/repository/org/projectlombok/lombok/1.18.10/lombok-1.18.10.jar:/home/carmen/.m2/repository/org/springframework/boot/spring-boot-starter-test/2.2.1.RELEASE/spring-boot-starter-test-2.2.1.RELEASE.jar:/home/carmen/.m2/repository/org/springframework/boot/spring-boot-test/2.2.1.RELEASE/spring-boot-test-2.2.1.RELEASE.jar:/home/carmen/.m2/repository/org/springframework/boot/spring-boot-test-autoconfigure/2.2.1.RELEASE/spring-boot-test-autoconfigure-2.2.1.RELEASE.jar:/home/carmen/.m2/repository/com/jayway/jsonpath/json-path/2.4.0/json-path-2.4.0.jar:/home/carmen/.m2/repository/net/minidev/json-smart/2.3/json-smart-2.3.jar:/home/carmen/.m2/repository/net/minidev/accessors-smart/1.2/accessors-smart-1.2.jar:/home/carmen/.m2/repository/org/ow2/asm/asm/5.0.4/asm-5.0.4.jar:/home/carmen/.m2/repository/jakarta/xml/bind/jakarta.xml.bind-api/2.3.2/jakarta.xml.bind-api-2.3.2.jar:/home/carmen/.m2/repository/org/junit/jupiter/junit-jupiter/5.5.2/junit-jupiter-5.5.2.jar:/home/carmen/.m2/repository/org/junit/jupiter/junit-jupiter-api/5.5.2/junit-jupiter-api-5.5.2.jar:/home/carmen/.m2/repository/org/apiguardian/apiguardian-api/1.1.0/apiguardian-api-1.1.0.jar:/home/carmen/.m2/repository/org/opentest4j/opentest4j/1.2.0/opentest4j-1.2.0.jar:/home/carmen/.m2/repository/org/junit/platform/junit-platform-commons/1.5.2/junit-platform-commons-1.5.2.jar:/home/carmen/.m2/repository/org/junit/jupiter/junit-jupiter-params/5.5.2/junit-jupiter-params-5.5.2.jar:/home/carmen/.m2/repository/org/junit/jupiter/junit-jupiter-engine/5.5.2/junit-jupiter-engine-5.5.2.jar:/home/carmen/.m2/repository/org/junit/platform/junit-platform-engine/1.5.2/junit-platform-engine-1.5.2.jar:/home/carmen/.m2/repository/org/mockito/mockito-junit-jupiter/3.1.0/mockito-junit-jupiter-3.1.0.jar:/home/carmen/.m2/repository/org/assertj/assertj-core/3.13.2/assertj-core-3.13.2.jar:/home/carmen/.m2/repository/org/hamcrest/hamcrest/2.1/hamcrest-2.1.jar:/home/carmen/.m2/repository/org/mockito/mockito-core/3.1.0/mockito-core-3.1.0.jar:/home/carmen/.m2/repository/net/bytebuddy/byte-buddy-agent/1.10.2/byte-buddy-agent-1.10.2.jar:/home/carmen/.m2/repository/org/objenesis/objenesis/2.6/objenesis-2.6.jar:/home/carmen/.m2/repository/org/skyscreamer/jsonassert/1.5.0/jsonassert-1.5.0.jar:/home/carmen/.m2/repository/com/vaadin/external/google/android-json/0.0.20131108.vaadin1/android-json-0.0.20131108.vaadin1.jar:/home/carmen/.m2/repository/org/springframework/spring-test/5.2.1.RELEASE/spring-test-5.2.1.RELEASE.jar:/home/carmen/.m2/repository/org/xmlunit/xmlunit-core/2.6.3/xmlunit-core-2.6.3.jar:"/>
    <property name="sun.cpu.endian" value="little"/>
    <property name="user.home" value="/home/carmen"/>
    <property name="user.language" value="es"/>
    <property name="java.specification.vendor" value="Oracle Corporation"/>
    <property name="java.home" value="/usr/lib/jvm/java-8-openjdk-amd64/jre"/>
    <property name="basedir" value="/home/carmen/Documentos/IW/github/xd/2019-2020-COSTAVESPERTINO"/>
    <property name="file.separator" value="/"/>
    <property name="line.separator" value="&#10;"/>
    <property name="java.vm.specification.vendor" value="Oracle Corporation"/>
    <property name="java.specification.name" value="Java Platform API Specification"/>
    <property name="java.awt.graphicsenv" value="sun.awt.X11GraphicsEnvironment"/>
    <property name="surefire.real.class.path" value="/home/carmen/Documentos/IW/github/xd/2019-2020-COSTAVESPERTINO/target/surefire/surefirebooter3842751535589014785.jar"/>
    <property name="sun.boot.class.path" value="/usr/lib/jvm/java-8-openjdk-amd64/jre/lib/resources.jar:/usr/lib/jvm/java-8-openjdk-amd64/jre/lib/rt.jar:/usr/lib/jvm/java-8-openjdk-amd64/jre/lib/sunrsasign.jar:/usr/lib/jvm/java-8-openjdk-amd64/jre/lib/jsse.jar:/usr/lib/jvm/java-8-openjdk-amd64/jre/lib/jce.jar:/usr/lib/jvm/java-8-openjdk-amd64/jre/lib/charsets.jar:/usr/lib/jvm/java-8-openjdk-amd64/jre/lib/jfr.jar:/usr/lib/jvm/java-8-openjdk-amd64/jre/classes"/>
    <property name="sun.management.compiler" value="HotSpot 64-Bit Tiered Compilers"/>
    <property name="java.runtime.version" value="1.8.0_232-8u232-b09-0ubuntu1~18.04.1-b09"/>
    <property name="user.name" value="carmen"/>
    <property name="path.separator" value=":"/>
    <property name="os.version" value="5.3.0-26-generic"/>
    <property name="java.endorsed.dirs" value="/usr/lib/jvm/java-8-openjdk-amd64/jre/lib/endorsed"/>
    <property name="java.runtime.name" value="OpenJDK Runtime Environment"/>
    <property name="file.encoding" value="UTF-8"/>
    <property name="java.vm.name" value="OpenJDK 64-Bit Server VM"/>
    <property name="localRepository" value="/home/carmen/.m2/repository"/>
    <property name="java.vendor.url.bug" value="http://bugreport.sun.com/bugreport/"/>
    <property name="java.io.tmpdir" value="/tmp"/>
    <property name="java.version" value="1.8.0_232"/>
    <property name="user.dir" value="/home/carmen/Documentos/IW/github/xd/2019-2020-COSTAVESPERTINO"/>
    <property name="os.arch" value="amd64"/>
    <property name="java.vm.specification.name" value="Java Virtual Machine Specification"/>
    <property name="java.awt.printerjob" value="sun.print.PSPrinterJob"/>
    <property name="sun.os.patch.level" value="unknown"/>
    <property name="java.library.path" value="/usr/java/packages/lib/amd64:/usr/lib/x86_64-linux-gnu/jni:/lib/x86_64-linux-gnu:/usr/lib/x86_64-linux-gnu:/usr/lib/jni:/lib:/usr/lib"/>
    <property name="java.vm.info" value="mixed mode"/>
    <property name="java.vendor" value="Private Build"/>
    <property name="java.vm.version" value="25.232-b09"/>
    <property name="java.ext.dirs" value="/usr/lib/jvm/java-8-openjdk-amd64/jre/lib/ext:/usr/java/packages/lib/ext"/>
    <property name="sun.io.unicode.encoding" value="UnicodeLittle"/>
    <property name="java.class.version" value="52.0"/>
  </properties>
  <testcase name="contextLoads" classname="es.uca.iw.CostavespertinoApplicationTests" time="0.178"/>
</testsuite>